0 info it worked if it ends with ok
1 verbose cli [ 'node', '/usr/bin/npm', 'install' ]
2 info using npm@1.2.17
3 info using node@v0.10.12
4 verbose read json /var/www/html/package.json
5 verbose readDependencies using package.json deps
6 verbose install where, deps [ '/var/www/html',
6 verbose install   [ 'express',
6 verbose install     'jade',
6 verbose install     'mongoose',
6 verbose install     'connect-mongo',
6 verbose install     'connect-flash',
6 verbose install     'passport',
6 verbose install     'passport-local',
6 verbose install     'passport-facebook',
6 verbose install     'passport-twitter',
6 verbose install     'passport-github',
6 verbose install     'passport-google-oauth',
6 verbose install     'imager',
6 verbose install     'notifier',
6 verbose install     'underscore',
6 verbose install     'gzippo',
6 verbose install     'async',
6 verbose install     'view-helpers',
6 verbose install     'forever',
6 verbose install     'jasmine-node',
6 verbose install     'sinon',
6 verbose install     'mongoose-pureautoinc',
6 verbose install     'supertest',
6 verbose install     'should',
6 verbose install     'mocha',
6 verbose install     'nodemon' ] ]
7 verbose from cache /var/www/html/package.json
8 info preinstall integra-drug-store@1.0.0
9 verbose read json /var/www/html/node_modules/async/package.json
10 verbose read json /var/www/html/node_modules/connect-flash/package.json
11 verbose read json /var/www/html/node_modules/connect-mongo/package.json
12 verbose read json /var/www/html/node_modules/express/package.json
13 verbose read json /var/www/html/node_modules/forever/package.json
14 verbose read json /var/www/html/node_modules/gzippo/package.json
15 verbose read json /var/www/html/node_modules/imager/package.json
16 verbose read json /var/www/html/node_modules/jade/package.json
17 verbose read json /var/www/html/node_modules/jasmine-node/package.json
18 verbose read json /var/www/html/node_modules/jslint/package.json
19 verbose read json /var/www/html/node_modules/mocha/package.json
20 verbose read json /var/www/html/node_modules/mongoose/package.json
21 verbose read json /var/www/html/node_modules/mongoose-pureautoinc/package.json
22 verbose read json /var/www/html/node_modules/nodemon/package.json
23 verbose read json /var/www/html/node_modules/notifier/package.json
24 verbose read json /var/www/html/node_modules/passport/package.json
25 verbose read json /var/www/html/node_modules/passport-facebook/package.json
26 verbose read json /var/www/html/node_modules/passport-github/package.json
27 verbose read json /var/www/html/node_modules/passport-google-oauth/package.json
28 verbose read json /var/www/html/node_modules/passport-local/package.json
29 verbose read json /var/www/html/node_modules/passport-twitter/package.json
30 verbose read json /var/www/html/node_modules/should/package.json
31 verbose read json /var/www/html/node_modules/sinon/package.json
32 verbose read json /var/www/html/node_modules/supertest/package.json
33 verbose read json /var/www/html/node_modules/underscore/package.json
34 verbose read json /var/www/html/node_modules/view-helpers/package.json
35 verbose from cache /var/www/html/package.json
36 verbose readDependencies using package.json deps
37 verbose from cache /var/www/html/node_modules/async/package.json
38 verbose from cache /var/www/html/node_modules/connect-flash/package.json
39 verbose from cache /var/www/html/node_modules/connect-mongo/package.json
40 verbose from cache /var/www/html/node_modules/express/package.json
41 verbose from cache /var/www/html/node_modules/forever/package.json
42 verbose from cache /var/www/html/node_modules/gzippo/package.json
43 verbose from cache /var/www/html/node_modules/imager/package.json
44 verbose from cache /var/www/html/node_modules/jade/package.json
45 verbose from cache /var/www/html/node_modules/jasmine-node/package.json
46 verbose from cache /var/www/html/node_modules/jslint/package.json
47 verbose from cache /var/www/html/node_modules/mocha/package.json
48 verbose from cache /var/www/html/node_modules/mongoose/package.json
49 verbose from cache /var/www/html/node_modules/mongoose-pureautoinc/package.json
50 verbose from cache /var/www/html/node_modules/nodemon/package.json
51 verbose from cache /var/www/html/node_modules/notifier/package.json
52 verbose from cache /var/www/html/node_modules/passport/package.json
53 verbose from cache /var/www/html/node_modules/passport-facebook/package.json
54 verbose from cache /var/www/html/node_modules/passport-github/package.json
55 verbose from cache /var/www/html/node_modules/passport-google-oauth/package.json
56 verbose from cache /var/www/html/node_modules/passport-local/package.json
57 verbose from cache /var/www/html/node_modules/passport-twitter/package.json
58 verbose from cache /var/www/html/node_modules/should/package.json
59 verbose from cache /var/www/html/node_modules/sinon/package.json
60 verbose from cache /var/www/html/node_modules/supertest/package.json
61 verbose from cache /var/www/html/node_modules/underscore/package.json
62 verbose from cache /var/www/html/node_modules/view-helpers/package.json
63 verbose cache add [ 'connect-flash@latest', null ]
64 verbose cache add name=undefined spec="connect-flash@latest" args=["connect-flash@latest",null]
65 verbose parsed url { protocol: null,
65 verbose parsed url   slashes: null,
65 verbose parsed url   auth: null,
65 verbose parsed url   host: null,
65 verbose parsed url   port: null,
65 verbose parsed url   hostname: null,
65 verbose parsed url   hash: null,
65 verbose parsed url   search: null,
65 verbose parsed url   query: null,
65 verbose parsed url   pathname: 'connect-flash@latest',
65 verbose parsed url   path: 'connect-flash@latest',
65 verbose parsed url   href: 'connect-flash@latest' }
66 verbose cache add name="connect-flash" spec="latest" args=["connect-flash","latest"]
67 verbose parsed url { protocol: null,
67 verbose parsed url   slashes: null,
67 verbose parsed url   auth: null,
67 verbose parsed url   host: null,
67 verbose parsed url   port: null,
67 verbose parsed url   hostname: null,
67 verbose parsed url   hash: null,
67 verbose parsed url   search: null,
67 verbose parsed url   query: null,
67 verbose parsed url   pathname: 'latest',
67 verbose parsed url   path: 'latest',
67 verbose parsed url   href: 'latest' }
68 verbose addNamed [ 'connect-flash', 'latest' ]
69 verbose addNamed [ null, null ]
70 verbose cache add [ 'passport@latest', null ]
71 verbose cache add name=undefined spec="passport@latest" args=["passport@latest",null]
72 verbose parsed url { protocol: null,
72 verbose parsed url   slashes: null,
72 verbose parsed url   auth: null,
72 verbose parsed url   host: null,
72 verbose parsed url   port: null,
72 verbose parsed url   hostname: null,
72 verbose parsed url   hash: null,
72 verbose parsed url   search: null,
72 verbose parsed url   query: null,
72 verbose parsed url   pathname: 'passport@latest',
72 verbose parsed url   path: 'passport@latest',
72 verbose parsed url   href: 'passport@latest' }
73 verbose cache add name="passport" spec="latest" args=["passport","latest"]
74 verbose parsed url { protocol: null,
74 verbose parsed url   slashes: null,
74 verbose parsed url   auth: null,
74 verbose parsed url   host: null,
74 verbose parsed url   port: null,
74 verbose parsed url   hostname: null,
74 verbose parsed url   hash: null,
74 verbose parsed url   search: null,
74 verbose parsed url   query: null,
74 verbose parsed url   pathname: 'latest',
74 verbose parsed url   path: 'latest',
74 verbose parsed url   href: 'latest' }
75 verbose addNamed [ 'passport', 'latest' ]
76 verbose addNamed [ null, null ]
77 verbose cache add [ 'mongoose@latest', null ]
78 verbose cache add name=undefined spec="mongoose@latest" args=["mongoose@latest",null]
79 verbose parsed url { protocol: null,
79 verbose parsed url   slashes: null,
79 verbose parsed url   auth: null,
79 verbose parsed url   host: null,
79 verbose parsed url   port: null,
79 verbose parsed url   hostname: null,
79 verbose parsed url   hash: null,
79 verbose parsed url   search: null,
79 verbose parsed url   query: null,
79 verbose parsed url   pathname: 'mongoose@latest',
79 verbose parsed url   path: 'mongoose@latest',
79 verbose parsed url   href: 'mongoose@latest' }
80 verbose cache add name="mongoose" spec="latest" args=["mongoose","latest"]
81 verbose parsed url { protocol: null,
81 verbose parsed url   slashes: null,
81 verbose parsed url   auth: null,
81 verbose parsed url   host: null,
81 verbose parsed url   port: null,
81 verbose parsed url   hostname: null,
81 verbose parsed url   hash: null,
81 verbose parsed url   search: null,
81 verbose parsed url   query: null,
81 verbose parsed url   pathname: 'latest',
81 verbose parsed url   path: 'latest',
81 verbose parsed url   href: 'latest' }
82 verbose addNamed [ 'mongoose', 'latest' ]
83 verbose addNamed [ null, null ]
84 verbose cache add [ 'passport-local@latest', null ]
85 verbose cache add name=undefined spec="passport-local@latest" args=["passport-local@latest",null]
86 verbose parsed url { protocol: null,
86 verbose parsed url   slashes: null,
86 verbose parsed url   auth: null,
86 verbose parsed url   host: null,
86 verbose parsed url   port: null,
86 verbose parsed url   hostname: null,
86 verbose parsed url   hash: null,
86 verbose parsed url   search: null,
86 verbose parsed url   query: null,
86 verbose parsed url   pathname: 'passport-local@latest',
86 verbose parsed url   path: 'passport-local@latest',
86 verbose parsed url   href: 'passport-local@latest' }
87 verbose cache add name="passport-local" spec="latest" args=["passport-local","latest"]
88 verbose parsed url { protocol: null,
88 verbose parsed url   slashes: null,
88 verbose parsed url   auth: null,
88 verbose parsed url   host: null,
88 verbose parsed url   port: null,
88 verbose parsed url   hostname: null,
88 verbose parsed url   hash: null,
88 verbose parsed url   search: null,
88 verbose parsed url   query: null,
88 verbose parsed url   pathname: 'latest',
88 verbose parsed url   path: 'latest',
88 verbose parsed url   href: 'latest' }
89 verbose addNamed [ 'passport-local', 'latest' ]
90 verbose addNamed [ null, null ]
91 verbose cache add [ 'connect-mongo@latest', null ]
92 verbose cache add name=undefined spec="connect-mongo@latest" args=["connect-mongo@latest",null]
93 verbose parsed url { protocol: null,
93 verbose parsed url   slashes: null,
93 verbose parsed url   auth: null,
93 verbose parsed url   host: null,
93 verbose parsed url   port: null,
93 verbose parsed url   hostname: null,
93 verbose parsed url   hash: null,
93 verbose parsed url   search: null,
93 verbose parsed url   query: null,
93 verbose parsed url   pathname: 'connect-mongo@latest',
93 verbose parsed url   path: 'connect-mongo@latest',
93 verbose parsed url   href: 'connect-mongo@latest' }
94 verbose cache add name="connect-mongo" spec="latest" args=["connect-mongo","latest"]
95 verbose parsed url { protocol: null,
95 verbose parsed url   slashes: null,
95 verbose parsed url   auth: null,
95 verbose parsed url   host: null,
95 verbose parsed url   port: null,
95 verbose parsed url   hostname: null,
95 verbose parsed url   hash: null,
95 verbose parsed url   search: null,
95 verbose parsed url   query: null,
95 verbose parsed url   pathname: 'latest',
95 verbose parsed url   path: 'latest',
95 verbose parsed url   href: 'latest' }
96 verbose addNamed [ 'connect-mongo', 'latest' ]
97 verbose addNamed [ null, null ]
98 verbose cache add [ 'passport-facebook@latest', null ]
99 verbose cache add name=undefined spec="passport-facebook@latest" args=["passport-facebook@latest",null]
100 verbose parsed url { protocol: null,
100 verbose parsed url   slashes: null,
100 verbose parsed url   auth: null,
100 verbose parsed url   host: null,
100 verbose parsed url   port: null,
100 verbose parsed url   hostname: null,
100 verbose parsed url   hash: null,
100 verbose parsed url   search: null,
100 verbose parsed url   query: null,
100 verbose parsed url   pathname: 'passport-facebook@latest',
100 verbose parsed url   path: 'passport-facebook@latest',
100 verbose parsed url   href: 'passport-facebook@latest' }
101 verbose cache add name="passport-facebook" spec="latest" args=["passport-facebook","latest"]
102 verbose parsed url { protocol: null,
102 verbose parsed url   slashes: null,
102 verbose parsed url   auth: null,
102 verbose parsed url   host: null,
102 verbose parsed url   port: null,
102 verbose parsed url   hostname: null,
102 verbose parsed url   hash: null,
102 verbose parsed url   search: null,
102 verbose parsed url   query: null,
102 verbose parsed url   pathname: 'latest',
102 verbose parsed url   path: 'latest',
102 verbose parsed url   href: 'latest' }
103 verbose addNamed [ 'passport-facebook', 'latest' ]
104 verbose addNamed [ null, null ]
105 verbose cache add [ 'passport-twitter@latest', null ]
106 verbose cache add name=undefined spec="passport-twitter@latest" args=["passport-twitter@latest",null]
107 verbose parsed url { protocol: null,
107 verbose parsed url   slashes: null,
107 verbose parsed url   auth: null,
107 verbose parsed url   host: null,
107 verbose parsed url   port: null,
107 verbose parsed url   hostname: null,
107 verbose parsed url   hash: null,
107 verbose parsed url   search: null,
107 verbose parsed url   query: null,
107 verbose parsed url   pathname: 'passport-twitter@latest',
107 verbose parsed url   path: 'passport-twitter@latest',
107 verbose parsed url   href: 'passport-twitter@latest' }
108 verbose cache add name="passport-twitter" spec="latest" args=["passport-twitter","latest"]
109 verbose parsed url { protocol: null,
109 verbose parsed url   slashes: null,
109 verbose parsed url   auth: null,
109 verbose parsed url   host: null,
109 verbose parsed url   port: null,
109 verbose parsed url   hostname: null,
109 verbose parsed url   hash: null,
109 verbose parsed url   search: null,
109 verbose parsed url   query: null,
109 verbose parsed url   pathname: 'latest',
109 verbose parsed url   path: 'latest',
109 verbose parsed url   href: 'latest' }
110 verbose addNamed [ 'passport-twitter', 'latest' ]
111 verbose addNamed [ null, null ]
112 verbose cache add [ 'passport-github@latest', null ]
113 verbose cache add name=undefined spec="passport-github@latest" args=["passport-github@latest",null]
114 verbose parsed url { protocol: null,
114 verbose parsed url   slashes: null,
114 verbose parsed url   auth: null,
114 verbose parsed url   host: null,
114 verbose parsed url   port: null,
114 verbose parsed url   hostname: null,
114 verbose parsed url   hash: null,
114 verbose parsed url   search: null,
114 verbose parsed url   query: null,
114 verbose parsed url   pathname: 'passport-github@latest',
114 verbose parsed url   path: 'passport-github@latest',
114 verbose parsed url   href: 'passport-github@latest' }
115 verbose cache add name="passport-github" spec="latest" args=["passport-github","latest"]
116 verbose parsed url { protocol: null,
116 verbose parsed url   slashes: null,
116 verbose parsed url   auth: null,
116 verbose parsed url   host: null,
116 verbose parsed url   port: null,
116 verbose parsed url   hostname: null,
116 verbose parsed url   hash: null,
116 verbose parsed url   search: null,
116 verbose parsed url   query: null,
116 verbose parsed url   pathname: 'latest',
116 verbose parsed url   path: 'latest',
116 verbose parsed url   href: 'latest' }
117 verbose addNamed [ 'passport-github', 'latest' ]
118 verbose addNamed [ null, null ]
119 verbose cache add [ 'passport-google-oauth@latest', null ]
120 verbose cache add name=undefined spec="passport-google-oauth@latest" args=["passport-google-oauth@latest",null]
121 verbose parsed url { protocol: null,
121 verbose parsed url   slashes: null,
121 verbose parsed url   auth: null,
121 verbose parsed url   host: null,
121 verbose parsed url   port: null,
121 verbose parsed url   hostname: null,
121 verbose parsed url   hash: null,
121 verbose parsed url   search: null,
121 verbose parsed url   query: null,
121 verbose parsed url   pathname: 'passport-google-oauth@latest',
121 verbose parsed url   path: 'passport-google-oauth@latest',
121 verbose parsed url   href: 'passport-google-oauth@latest' }
122 verbose cache add name="passport-google-oauth" spec="latest" args=["passport-google-oauth","latest"]
123 verbose parsed url { protocol: null,
123 verbose parsed url   slashes: null,
123 verbose parsed url   auth: null,
123 verbose parsed url   host: null,
123 verbose parsed url   port: null,
123 verbose parsed url   hostname: null,
123 verbose parsed url   hash: null,
123 verbose parsed url   search: null,
123 verbose parsed url   query: null,
123 verbose parsed url   pathname: 'latest',
123 verbose parsed url   path: 'latest',
123 verbose parsed url   href: 'latest' }
124 verbose addNamed [ 'passport-google-oauth', 'latest' ]
125 verbose addNamed [ null, null ]
126 verbose cache add [ 'imager@latest', null ]
127 verbose cache add name=undefined spec="imager@latest" args=["imager@latest",null]
128 verbose parsed url { protocol: null,
128 verbose parsed url   slashes: null,
128 verbose parsed url   auth: null,
128 verbose parsed url   host: null,
128 verbose parsed url   port: null,
128 verbose parsed url   hostname: null,
128 verbose parsed url   hash: null,
128 verbose parsed url   search: null,
128 verbose parsed url   query: null,
128 verbose parsed url   pathname: 'imager@latest',
128 verbose parsed url   path: 'imager@latest',
128 verbose parsed url   href: 'imager@latest' }
129 verbose cache add name="imager" spec="latest" args=["imager","latest"]
130 verbose parsed url { protocol: null,
130 verbose parsed url   slashes: null,
130 verbose parsed url   auth: null,
130 verbose parsed url   host: null,
130 verbose parsed url   port: null,
130 verbose parsed url   hostname: null,
130 verbose parsed url   hash: null,
130 verbose parsed url   search: null,
130 verbose parsed url   query: null,
130 verbose parsed url   pathname: 'latest',
130 verbose parsed url   path: 'latest',
130 verbose parsed url   href: 'latest' }
131 verbose addNamed [ 'imager', 'latest' ]
132 verbose addNamed [ null, null ]
133 verbose cache add [ 'notifier@latest', null ]
134 verbose cache add name=undefined spec="notifier@latest" args=["notifier@latest",null]
135 verbose parsed url { protocol: null,
135 verbose parsed url   slashes: null,
135 verbose parsed url   auth: null,
135 verbose parsed url   host: null,
135 verbose parsed url   port: null,
135 verbose parsed url   hostname: null,
135 verbose parsed url   hash: null,
135 verbose parsed url   search: null,
135 verbose parsed url   query: null,
135 verbose parsed url   pathname: 'notifier@latest',
135 verbose parsed url   path: 'notifier@latest',
135 verbose parsed url   href: 'notifier@latest' }
136 verbose cache add name="notifier" spec="latest" args=["notifier","latest"]
137 verbose parsed url { protocol: null,
137 verbose parsed url   slashes: null,
137 verbose parsed url   auth: null,
137 verbose parsed url   host: null,
137 verbose parsed url   port: null,
137 verbose parsed url   hostname: null,
137 verbose parsed url   hash: null,
137 verbose parsed url   search: null,
137 verbose parsed url   query: null,
137 verbose parsed url   pathname: 'latest',
137 verbose parsed url   path: 'latest',
137 verbose parsed url   href: 'latest' }
138 verbose addNamed [ 'notifier', 'latest' ]
139 verbose addNamed [ null, null ]
140 verbose cache add [ 'underscore@latest', null ]
141 verbose cache add name=undefined spec="underscore@latest" args=["underscore@latest",null]
142 verbose parsed url { protocol: null,
142 verbose parsed url   slashes: null,
142 verbose parsed url   auth: null,
142 verbose parsed url   host: null,
142 verbose parsed url   port: null,
142 verbose parsed url   hostname: null,
142 verbose parsed url   hash: null,
142 verbose parsed url   search: null,
142 verbose parsed url   query: null,
142 verbose parsed url   pathname: 'underscore@latest',
142 verbose parsed url   path: 'underscore@latest',
142 verbose parsed url   href: 'underscore@latest' }
143 verbose cache add name="underscore" spec="latest" args=["underscore","latest"]
144 verbose parsed url { protocol: null,
144 verbose parsed url   slashes: null,
144 verbose parsed url   auth: null,
144 verbose parsed url   host: null,
144 verbose parsed url   port: null,
144 verbose parsed url   hostname: null,
144 verbose parsed url   hash: null,
144 verbose parsed url   search: null,
144 verbose parsed url   query: null,
144 verbose parsed url   pathname: 'latest',
144 verbose parsed url   path: 'latest',
144 verbose parsed url   href: 'latest' }
145 verbose addNamed [ 'underscore', 'latest' ]
146 verbose addNamed [ null, null ]
147 verbose cache add [ 'gzippo@latest', null ]
148 verbose cache add name=undefined spec="gzippo@latest" args=["gzippo@latest",null]
149 verbose parsed url { protocol: null,
149 verbose parsed url   slashes: null,
149 verbose parsed url   auth: null,
149 verbose parsed url   host: null,
149 verbose parsed url   port: null,
149 verbose parsed url   hostname: null,
149 verbose parsed url   hash: null,
149 verbose parsed url   search: null,
149 verbose parsed url   query: null,
149 verbose parsed url   pathname: 'gzippo@latest',
149 verbose parsed url   path: 'gzippo@latest',
149 verbose parsed url   href: 'gzippo@latest' }
150 verbose cache add name="gzippo" spec="latest" args=["gzippo","latest"]
151 verbose parsed url { protocol: null,
151 verbose parsed url   slashes: null,
151 verbose parsed url   auth: null,
151 verbose parsed url   host: null,
151 verbose parsed url   port: null,
151 verbose parsed url   hostname: null,
151 verbose parsed url   hash: null,
151 verbose parsed url   search: null,
151 verbose parsed url   query: null,
151 verbose parsed url   pathname: 'latest',
151 verbose parsed url   path: 'latest',
151 verbose parsed url   href: 'latest' }
152 verbose addNamed [ 'gzippo', 'latest' ]
153 verbose addNamed [ null, null ]
154 verbose cache add [ 'async@latest', null ]
155 verbose cache add name=undefined spec="async@latest" args=["async@latest",null]
156 verbose parsed url { protocol: null,
156 verbose parsed url   slashes: null,
156 verbose parsed url   auth: null,
156 verbose parsed url   host: null,
156 verbose parsed url   port: null,
156 verbose parsed url   hostname: null,
156 verbose parsed url   hash: null,
156 verbose parsed url   search: null,
156 verbose parsed url   query: null,
156 verbose parsed url   pathname: 'async@latest',
156 verbose parsed url   path: 'async@latest',
156 verbose parsed url   href: 'async@latest' }
157 verbose cache add name="async" spec="latest" args=["async","latest"]
158 verbose parsed url { protocol: null,
158 verbose parsed url   slashes: null,
158 verbose parsed url   auth: null,
158 verbose parsed url   host: null,
158 verbose parsed url   port: null,
158 verbose parsed url   hostname: null,
158 verbose parsed url   hash: null,
158 verbose parsed url   search: null,
158 verbose parsed url   query: null,
158 verbose parsed url   pathname: 'latest',
158 verbose parsed url   path: 'latest',
158 verbose parsed url   href: 'latest' }
159 verbose addNamed [ 'async', 'latest' ]
160 verbose addNamed [ null, null ]
161 verbose cache add [ 'view-helpers@latest', null ]
162 verbose cache add name=undefined spec="view-helpers@latest" args=["view-helpers@latest",null]
163 verbose parsed url { protocol: null,
163 verbose parsed url   slashes: null,
163 verbose parsed url   auth: null,
163 verbose parsed url   host: null,
163 verbose parsed url   port: null,
163 verbose parsed url   hostname: null,
163 verbose parsed url   hash: null,
163 verbose parsed url   search: null,
163 verbose parsed url   query: null,
163 verbose parsed url   pathname: 'view-helpers@latest',
163 verbose parsed url   path: 'view-helpers@latest',
163 verbose parsed url   href: 'view-helpers@latest' }
164 verbose cache add name="view-helpers" spec="latest" args=["view-helpers","latest"]
165 verbose parsed url { protocol: null,
165 verbose parsed url   slashes: null,
165 verbose parsed url   auth: null,
165 verbose parsed url   host: null,
165 verbose parsed url   port: null,
165 verbose parsed url   hostname: null,
165 verbose parsed url   hash: null,
165 verbose parsed url   search: null,
165 verbose parsed url   query: null,
165 verbose parsed url   pathname: 'latest',
165 verbose parsed url   path: 'latest',
165 verbose parsed url   href: 'latest' }
166 verbose addNamed [ 'view-helpers', 'latest' ]
167 verbose addNamed [ null, null ]
168 verbose cache add [ 'forever@latest', null ]
169 verbose cache add name=undefined spec="forever@latest" args=["forever@latest",null]
170 verbose parsed url { protocol: null,
170 verbose parsed url   slashes: null,
170 verbose parsed url   auth: null,
170 verbose parsed url   host: null,
170 verbose parsed url   port: null,
170 verbose parsed url   hostname: null,
170 verbose parsed url   hash: null,
170 verbose parsed url   search: null,
170 verbose parsed url   query: null,
170 verbose parsed url   pathname: 'forever@latest',
170 verbose parsed url   path: 'forever@latest',
170 verbose parsed url   href: 'forever@latest' }
171 verbose cache add name="forever" spec="latest" args=["forever","latest"]
172 verbose parsed url { protocol: null,
172 verbose parsed url   slashes: null,
172 verbose parsed url   auth: null,
172 verbose parsed url   host: null,
172 verbose parsed url   port: null,
172 verbose parsed url   hostname: null,
172 verbose parsed url   hash: null,
172 verbose parsed url   search: null,
172 verbose parsed url   query: null,
172 verbose parsed url   pathname: 'latest',
172 verbose parsed url   path: 'latest',
172 verbose parsed url   href: 'latest' }
173 verbose addNamed [ 'forever', 'latest' ]
174 verbose addNamed [ null, null ]
175 verbose cache add [ 'jasmine-node@latest', null ]
176 verbose cache add name=undefined spec="jasmine-node@latest" args=["jasmine-node@latest",null]
177 verbose parsed url { protocol: null,
177 verbose parsed url   slashes: null,
177 verbose parsed url   auth: null,
177 verbose parsed url   host: null,
177 verbose parsed url   port: null,
177 verbose parsed url   hostname: null,
177 verbose parsed url   hash: null,
177 verbose parsed url   search: null,
177 verbose parsed url   query: null,
177 verbose parsed url   pathname: 'jasmine-node@latest',
177 verbose parsed url   path: 'jasmine-node@latest',
177 verbose parsed url   href: 'jasmine-node@latest' }
178 verbose cache add name="jasmine-node" spec="latest" args=["jasmine-node","latest"]
179 verbose parsed url { protocol: null,
179 verbose parsed url   slashes: null,
179 verbose parsed url   auth: null,
179 verbose parsed url   host: null,
179 verbose parsed url   port: null,
179 verbose parsed url   hostname: null,
179 verbose parsed url   hash: null,
179 verbose parsed url   search: null,
179 verbose parsed url   query: null,
179 verbose parsed url   pathname: 'latest',
179 verbose parsed url   path: 'latest',
179 verbose parsed url   href: 'latest' }
180 verbose addNamed [ 'jasmine-node', 'latest' ]
181 verbose addNamed [ null, null ]
182 verbose cache add [ 'sinon@latest', null ]
183 verbose cache add name=undefined spec="sinon@latest" args=["sinon@latest",null]
184 verbose parsed url { protocol: null,
184 verbose parsed url   slashes: null,
184 verbose parsed url   auth: null,
184 verbose parsed url   host: null,
184 verbose parsed url   port: null,
184 verbose parsed url   hostname: null,
184 verbose parsed url   hash: null,
184 verbose parsed url   search: null,
184 verbose parsed url   query: null,
184 verbose parsed url   pathname: 'sinon@latest',
184 verbose parsed url   path: 'sinon@latest',
184 verbose parsed url   href: 'sinon@latest' }
185 verbose cache add name="sinon" spec="latest" args=["sinon","latest"]
186 verbose parsed url { protocol: null,
186 verbose parsed url   slashes: null,
186 verbose parsed url   auth: null,
186 verbose parsed url   host: null,
186 verbose parsed url   port: null,
186 verbose parsed url   hostname: null,
186 verbose parsed url   hash: null,
186 verbose parsed url   search: null,
186 verbose parsed url   query: null,
186 verbose parsed url   pathname: 'latest',
186 verbose parsed url   path: 'latest',
186 verbose parsed url   href: 'latest' }
187 verbose addNamed [ 'sinon', 'latest' ]
188 verbose addNamed [ null, null ]
189 verbose cache add [ 'mongoose-pureautoinc@latest', null ]
190 verbose cache add name=undefined spec="mongoose-pureautoinc@latest" args=["mongoose-pureautoinc@latest",null]
191 verbose parsed url { protocol: null,
191 verbose parsed url   slashes: null,
191 verbose parsed url   auth: null,
191 verbose parsed url   host: null,
191 verbose parsed url   port: null,
191 verbose parsed url   hostname: null,
191 verbose parsed url   hash: null,
191 verbose parsed url   search: null,
191 verbose parsed url   query: null,
191 verbose parsed url   pathname: 'mongoose-pureautoinc@latest',
191 verbose parsed url   path: 'mongoose-pureautoinc@latest',
191 verbose parsed url   href: 'mongoose-pureautoinc@latest' }
192 verbose cache add name="mongoose-pureautoinc" spec="latest" args=["mongoose-pureautoinc","latest"]
193 verbose parsed url { protocol: null,
193 verbose parsed url   slashes: null,
193 verbose parsed url   auth: null,
193 verbose parsed url   host: null,
193 verbose parsed url   port: null,
193 verbose parsed url   hostname: null,
193 verbose parsed url   hash: null,
193 verbose parsed url   search: null,
193 verbose parsed url   query: null,
193 verbose parsed url   pathname: 'latest',
193 verbose parsed url   path: 'latest',
193 verbose parsed url   href: 'latest' }
194 verbose addNamed [ 'mongoose-pureautoinc', 'latest' ]
195 verbose addNamed [ null, null ]
196 verbose cache add [ 'supertest@latest', null ]
197 verbose cache add name=undefined spec="supertest@latest" args=["supertest@latest",null]
198 verbose parsed url { protocol: null,
198 verbose parsed url   slashes: null,
198 verbose parsed url   auth: null,
198 verbose parsed url   host: null,
198 verbose parsed url   port: null,
198 verbose parsed url   hostname: null,
198 verbose parsed url   hash: null,
198 verbose parsed url   search: null,
198 verbose parsed url   query: null,
198 verbose parsed url   pathname: 'supertest@latest',
198 verbose parsed url   path: 'supertest@latest',
198 verbose parsed url   href: 'supertest@latest' }
199 verbose cache add name="supertest" spec="latest" args=["supertest","latest"]
200 verbose parsed url { protocol: null,
200 verbose parsed url   slashes: null,
200 verbose parsed url   auth: null,
200 verbose parsed url   host: null,
200 verbose parsed url   port: null,
200 verbose parsed url   hostname: null,
200 verbose parsed url   hash: null,
200 verbose parsed url   search: null,
200 verbose parsed url   query: null,
200 verbose parsed url   pathname: 'latest',
200 verbose parsed url   path: 'latest',
200 verbose parsed url   href: 'latest' }
201 verbose addNamed [ 'supertest', 'latest' ]
202 verbose addNamed [ null, null ]
203 verbose cache add [ 'should@latest', null ]
204 verbose cache add name=undefined spec="should@latest" args=["should@latest",null]
205 verbose parsed url { protocol: null,
205 verbose parsed url   slashes: null,
205 verbose parsed url   auth: null,
205 verbose parsed url   host: null,
205 verbose parsed url   port: null,
205 verbose parsed url   hostname: null,
205 verbose parsed url   hash: null,
205 verbose parsed url   search: null,
205 verbose parsed url   query: null,
205 verbose parsed url   pathname: 'should@latest',
205 verbose parsed url   path: 'should@latest',
205 verbose parsed url   href: 'should@latest' }
206 verbose cache add name="should" spec="latest" args=["should","latest"]
207 verbose parsed url { protocol: null,
207 verbose parsed url   slashes: null,
207 verbose parsed url   auth: null,
207 verbose parsed url   host: null,
207 verbose parsed url   port: null,
207 verbose parsed url   hostname: null,
207 verbose parsed url   hash: null,
207 verbose parsed url   search: null,
207 verbose parsed url   query: null,
207 verbose parsed url   pathname: 'latest',
207 verbose parsed url   path: 'latest',
207 verbose parsed url   href: 'latest' }
208 verbose addNamed [ 'should', 'latest' ]
209 verbose addNamed [ null, null ]
210 silly lockFile feedbc7e-connect-flash-latest connect-flash@latest
211 verbose lock connect-flash@latest /home/k0d3d/.npm/feedbc7e-connect-flash-latest.lock
212 silly lockFile 771f2547-passport-latest passport@latest
213 verbose lock passport@latest /home/k0d3d/.npm/771f2547-passport-latest.lock
214 silly lockFile 73e949f4-mongoose-latest mongoose@latest
215 verbose lock mongoose@latest /home/k0d3d/.npm/73e949f4-mongoose-latest.lock
216 silly lockFile 00a116b3-passport-local-latest passport-local@latest
217 verbose lock passport-local@latest /home/k0d3d/.npm/00a116b3-passport-local-latest.lock
218 silly lockFile 02f15c80-connect-mongo-latest connect-mongo@latest
219 verbose lock connect-mongo@latest /home/k0d3d/.npm/02f15c80-connect-mongo-latest.lock
220 silly lockFile 82ca5952-passport-facebook-latest passport-facebook@latest
221 verbose lock passport-facebook@latest /home/k0d3d/.npm/82ca5952-passport-facebook-latest.lock
222 silly lockFile d5de964c-passport-twitter-latest passport-twitter@latest
223 verbose lock passport-twitter@latest /home/k0d3d/.npm/d5de964c-passport-twitter-latest.lock
224 silly lockFile 179eab82-passport-github-latest passport-github@latest
225 verbose lock passport-github@latest /home/k0d3d/.npm/179eab82-passport-github-latest.lock
226 verbose cache add [ 'mocha@latest', null ]
227 verbose cache add name=undefined spec="mocha@latest" args=["mocha@latest",null]
228 verbose parsed url { protocol: null,
228 verbose parsed url   slashes: null,
228 verbose parsed url   auth: null,
228 verbose parsed url   host: null,
228 verbose parsed url   port: null,
228 verbose parsed url   hostname: null,
228 verbose parsed url   hash: null,
228 verbose parsed url   search: null,
228 verbose parsed url   query: null,
228 verbose parsed url   pathname: 'mocha@latest',
228 verbose parsed url   path: 'mocha@latest',
228 verbose parsed url   href: 'mocha@latest' }
229 verbose cache add name="mocha" spec="latest" args=["mocha","latest"]
230 verbose parsed url { protocol: null,
230 verbose parsed url   slashes: null,
230 verbose parsed url   auth: null,
230 verbose parsed url   host: null,
230 verbose parsed url   port: null,
230 verbose parsed url   hostname: null,
230 verbose parsed url   hash: null,
230 verbose parsed url   search: null,
230 verbose parsed url   query: null,
230 verbose parsed url   pathname: 'latest',
230 verbose parsed url   path: 'latest',
230 verbose parsed url   href: 'latest' }
231 verbose addNamed [ 'mocha', 'latest' ]
232 verbose addNamed [ null, null ]
233 silly lockFile 12215997-mocha-latest mocha@latest
234 verbose lock mocha@latest /home/k0d3d/.npm/12215997-mocha-latest.lock
235 verbose cache add [ 'nodemon@latest', null ]
236 verbose cache add name=undefined spec="nodemon@latest" args=["nodemon@latest",null]
237 verbose parsed url { protocol: null,
237 verbose parsed url   slashes: null,
237 verbose parsed url   auth: null,
237 verbose parsed url   host: null,
237 verbose parsed url   port: null,
237 verbose parsed url   hostname: null,
237 verbose parsed url   hash: null,
237 verbose parsed url   search: null,
237 verbose parsed url   query: null,
237 verbose parsed url   pathname: 'nodemon@latest',
237 verbose parsed url   path: 'nodemon@latest',
237 verbose parsed url   href: 'nodemon@latest' }
238 verbose cache add name="nodemon" spec="latest" args=["nodemon","latest"]
239 verbose parsed url { protocol: null,
239 verbose parsed url   slashes: null,
239 verbose parsed url   auth: null,
239 verbose parsed url   host: null,
239 verbose parsed url   port: null,
239 verbose parsed url   hostname: null,
239 verbose parsed url   hash: null,
239 verbose parsed url   search: null,
239 verbose parsed url   query: null,
239 verbose parsed url   pathname: 'latest',
239 verbose parsed url   path: 'latest',
239 verbose parsed url   href: 'latest' }
240 verbose addNamed [ 'nodemon', 'latest' ]
241 verbose addNamed [ null, null ]
242 silly lockFile 164666a5-nodemon-latest nodemon@latest
243 verbose lock nodemon@latest /home/k0d3d/.npm/164666a5-nodemon-latest.lock
244 verbose cache add [ 'express@latest', null ]
245 verbose cache add name=undefined spec="express@latest" args=["express@latest",null]
246 verbose parsed url { protocol: null,
246 verbose parsed url   slashes: null,
246 verbose parsed url   auth: null,
246 verbose parsed url   host: null,
246 verbose parsed url   port: null,
246 verbose parsed url   hostname: null,
246 verbose parsed url   hash: null,
246 verbose parsed url   search: null,
246 verbose parsed url   query: null,
246 verbose parsed url   pathname: 'express@latest',
246 verbose parsed url   path: 'express@latest',
246 verbose parsed url   href: 'express@latest' }
247 verbose cache add name="express" spec="latest" args=["express","latest"]
248 verbose parsed url { protocol: null,
248 verbose parsed url   slashes: null,
248 verbose parsed url   auth: null,
248 verbose parsed url   host: null,
248 verbose parsed url   port: null,
248 verbose parsed url   hostname: null,
248 verbose parsed url   hash: null,
248 verbose parsed url   search: null,
248 verbose parsed url   query: null,
248 verbose parsed url   pathname: 'latest',
248 verbose parsed url   path: 'latest',
248 verbose parsed url   href: 'latest' }
249 verbose addNamed [ 'express', 'latest' ]
250 verbose addNamed [ null, null ]
251 silly lockFile c30a01ab-express-latest express@latest
252 verbose lock express@latest /home/k0d3d/.npm/c30a01ab-express-latest.lock
253 verbose cache add [ 'jade@latest', null ]
254 verbose cache add name=undefined spec="jade@latest" args=["jade@latest",null]
255 verbose parsed url { protocol: null,
255 verbose parsed url   slashes: null,
255 verbose parsed url   auth: null,
255 verbose parsed url   host: null,
255 verbose parsed url   port: null,
255 verbose parsed url   hostname: null,
255 verbose parsed url   hash: null,
255 verbose parsed url   search: null,
255 verbose parsed url   query: null,
255 verbose parsed url   pathname: 'jade@latest',
255 verbose parsed url   path: 'jade@latest',
255 verbose parsed url   href: 'jade@latest' }
256 verbose cache add name="jade" spec="latest" args=["jade","latest"]
257 verbose parsed url { protocol: null,
257 verbose parsed url   slashes: null,
257 verbose parsed url   auth: null,
257 verbose parsed url   host: null,
257 verbose parsed url   port: null,
257 verbose parsed url   hostname: null,
257 verbose parsed url   hash: null,
257 verbose parsed url   search: null,
257 verbose parsed url   query: null,
257 verbose parsed url   pathname: 'latest',
257 verbose parsed url   path: 'latest',
257 verbose parsed url   href: 'latest' }
258 verbose addNamed [ 'jade', 'latest' ]
259 verbose addNamed [ null, null ]
260 silly lockFile 50c7aeb0-jade-latest jade@latest
261 verbose lock jade@latest /home/k0d3d/.npm/50c7aeb0-jade-latest.lock
262 silly lockFile 2c491da3-passport-google-oauth-latest passport-google-oauth@latest
263 verbose lock passport-google-oauth@latest /home/k0d3d/.npm/2c491da3-passport-google-oauth-latest.lock
264 silly lockFile 0719fdef-imager-latest imager@latest
265 verbose lock imager@latest /home/k0d3d/.npm/0719fdef-imager-latest.lock
266 silly lockFile a2b04311-notifier-latest notifier@latest
267 verbose lock notifier@latest /home/k0d3d/.npm/a2b04311-notifier-latest.lock
268 silly lockFile 546e1155-underscore-latest underscore@latest
269 verbose lock underscore@latest /home/k0d3d/.npm/546e1155-underscore-latest.lock
270 silly lockFile b1b84fe7-gzippo-latest gzippo@latest
271 verbose lock gzippo@latest /home/k0d3d/.npm/b1b84fe7-gzippo-latest.lock
272 silly lockFile 0c7fb7b0-async-latest async@latest
273 verbose lock async@latest /home/k0d3d/.npm/0c7fb7b0-async-latest.lock
274 silly lockFile e5a0e3a0-view-helpers-latest view-helpers@latest
275 verbose lock view-helpers@latest /home/k0d3d/.npm/e5a0e3a0-view-helpers-latest.lock
276 silly lockFile fac80c3d-forever-latest forever@latest
277 verbose lock forever@latest /home/k0d3d/.npm/fac80c3d-forever-latest.lock
278 silly lockFile 60e24296-jasmine-node-latest jasmine-node@latest
279 verbose lock jasmine-node@latest /home/k0d3d/.npm/60e24296-jasmine-node-latest.lock
280 silly lockFile 2afeecab-sinon-latest sinon@latest
281 verbose lock sinon@latest /home/k0d3d/.npm/2afeecab-sinon-latest.lock
282 silly lockFile 694e478c-mongoose-pureautoinc-latest mongoose-pureautoinc@latest
283 verbose lock mongoose-pureautoinc@latest /home/k0d3d/.npm/694e478c-mongoose-pureautoinc-latest.lock
284 silly lockFile 60f842a2-supertest-latest supertest@latest
285 verbose lock supertest@latest /home/k0d3d/.npm/60f842a2-supertest-latest.lock
286 silly lockFile b74e4a4c-should-latest should@latest
287 verbose lock should@latest /home/k0d3d/.npm/b74e4a4c-should-latest.lock
288 info addNameTag [ 'connect-flash', 'latest' ]
289 info addNameTag [ 'passport', 'latest' ]
290 info addNameTag [ 'mongoose', 'latest' ]
291 info addNameTag [ 'passport-local', 'latest' ]
292 info addNameTag [ 'connect-mongo', 'latest' ]
293 info addNameTag [ 'passport-facebook', 'latest' ]
294 info addNameTag [ 'passport-twitter', 'latest' ]
295 info addNameTag [ 'passport-github', 'latest' ]
296 info addNameTag [ 'mocha', 'latest' ]
297 info addNameTag [ 'nodemon', 'latest' ]
298 info addNameTag [ 'express', 'latest' ]
299 info addNameTag [ 'jade', 'latest' ]
300 info addNameTag [ 'passport-google-oauth', 'latest' ]
301 verbose url raw connect-flash
302 verbose url resolving [ 'https://registry.npmjs.org/', './connect-flash' ]
303 verbose url resolved https://registry.npmjs.org/connect-flash
304 info trying registry request attempt 1 at 20:46:15
305 http GET https://registry.npmjs.org/connect-flash
306 verbose url raw passport
307 verbose url resolving [ 'https://registry.npmjs.org/', './passport' ]
308 verbose url resolved https://registry.npmjs.org/passport
309 info trying registry request attempt 1 at 20:46:15
310 http GET https://registry.npmjs.org/passport
311 verbose url raw mongoose
312 verbose url resolving [ 'https://registry.npmjs.org/', './mongoose' ]
313 verbose url resolved https://registry.npmjs.org/mongoose
314 info trying registry request attempt 1 at 20:46:15
315 http GET https://registry.npmjs.org/mongoose
316 verbose url raw passport-local
317 verbose url resolving [ 'https://registry.npmjs.org/', './passport-local' ]
318 verbose url resolved https://registry.npmjs.org/passport-local
319 info trying registry request attempt 1 at 20:46:15
320 http GET https://registry.npmjs.org/passport-local
321 verbose url raw connect-mongo
322 verbose url resolving [ 'https://registry.npmjs.org/', './connect-mongo' ]
323 verbose url resolved https://registry.npmjs.org/connect-mongo
324 info trying registry request attempt 1 at 20:46:15
325 http GET https://registry.npmjs.org/connect-mongo
326 verbose url raw passport-facebook
327 verbose url resolving [ 'https://registry.npmjs.org/', './passport-facebook' ]
328 verbose url resolved https://registry.npmjs.org/passport-facebook
329 info trying registry request attempt 1 at 20:46:15
330 http GET https://registry.npmjs.org/passport-facebook
331 verbose url raw passport-twitter
332 verbose url resolving [ 'https://registry.npmjs.org/', './passport-twitter' ]
333 verbose url resolved https://registry.npmjs.org/passport-twitter
334 info trying registry request attempt 1 at 20:46:15
335 http GET https://registry.npmjs.org/passport-twitter
336 verbose url raw passport-github
337 verbose url resolving [ 'https://registry.npmjs.org/', './passport-github' ]
338 verbose url resolved https://registry.npmjs.org/passport-github
339 info trying registry request attempt 1 at 20:46:15
340 http GET https://registry.npmjs.org/passport-github
341 info addNameTag [ 'underscore', 'latest' ]
342 info addNameTag [ 'notifier', 'latest' ]
343 info addNameTag [ 'imager', 'latest' ]
344 info addNameTag [ 'gzippo', 'latest' ]
345 info addNameTag [ 'async', 'latest' ]
346 info addNameTag [ 'view-helpers', 'latest' ]
347 info addNameTag [ 'forever', 'latest' ]
348 info addNameTag [ 'jasmine-node', 'latest' ]
349 info addNameTag [ 'sinon', 'latest' ]
350 info addNameTag [ 'mongoose-pureautoinc', 'latest' ]
351 info addNameTag [ 'should', 'latest' ]
352 info addNameTag [ 'supertest', 'latest' ]
353 verbose url raw nodemon
354 verbose url resolving [ 'https://registry.npmjs.org/', './nodemon' ]
355 verbose url resolved https://registry.npmjs.org/nodemon
356 info trying registry request attempt 1 at 20:46:15
357 http GET https://registry.npmjs.org/nodemon
358 verbose url raw express
359 verbose url resolving [ 'https://registry.npmjs.org/', './express' ]
360 verbose url resolved https://registry.npmjs.org/express
361 info trying registry request attempt 1 at 20:46:15
362 http GET https://registry.npmjs.org/express
363 verbose url raw jade
364 verbose url resolving [ 'https://registry.npmjs.org/', './jade' ]
365 verbose url resolved https://registry.npmjs.org/jade
366 info trying registry request attempt 1 at 20:46:15
367 http GET https://registry.npmjs.org/jade
368 verbose url raw passport-google-oauth
369 verbose url resolving [ 'https://registry.npmjs.org/', './passport-google-oauth' ]
370 verbose url resolved https://registry.npmjs.org/passport-google-oauth
371 info trying registry request attempt 1 at 20:46:15
372 http GET https://registry.npmjs.org/passport-google-oauth
373 verbose url raw notifier
374 verbose url resolving [ 'https://registry.npmjs.org/', './notifier' ]
375 verbose url resolved https://registry.npmjs.org/notifier
376 info trying registry request attempt 1 at 20:46:16
377 http GET https://registry.npmjs.org/notifier
378 verbose url raw imager
379 verbose url resolving [ 'https://registry.npmjs.org/', './imager' ]
380 verbose url resolved https://registry.npmjs.org/imager
381 info trying registry request attempt 1 at 20:46:16
382 http GET https://registry.npmjs.org/imager
383 verbose url raw gzippo
384 verbose url resolving [ 'https://registry.npmjs.org/', './gzippo' ]
385 verbose url resolved https://registry.npmjs.org/gzippo
386 info trying registry request attempt 1 at 20:46:16
387 http GET https://registry.npmjs.org/gzippo
388 verbose url raw view-helpers
389 verbose url resolving [ 'https://registry.npmjs.org/', './view-helpers' ]
390 verbose url resolved https://registry.npmjs.org/view-helpers
391 info trying registry request attempt 1 at 20:46:16
392 http GET https://registry.npmjs.org/view-helpers
393 verbose url raw forever
394 verbose url resolving [ 'https://registry.npmjs.org/', './forever' ]
395 verbose url resolved https://registry.npmjs.org/forever
396 info trying registry request attempt 1 at 20:46:16
397 http GET https://registry.npmjs.org/forever
398 verbose url raw jasmine-node
399 verbose url resolving [ 'https://registry.npmjs.org/', './jasmine-node' ]
400 verbose url resolved https://registry.npmjs.org/jasmine-node
401 info trying registry request attempt 1 at 20:46:16
402 http GET https://registry.npmjs.org/jasmine-node
403 verbose url raw sinon
404 verbose url resolving [ 'https://registry.npmjs.org/', './sinon' ]
405 verbose url resolved https://registry.npmjs.org/sinon
406 info trying registry request attempt 1 at 20:46:16
407 http GET https://registry.npmjs.org/sinon
408 verbose url raw mongoose-pureautoinc
409 verbose url resolving [ 'https://registry.npmjs.org/', './mongoose-pureautoinc' ]
410 verbose url resolved https://registry.npmjs.org/mongoose-pureautoinc
411 info trying registry request attempt 1 at 20:46:16
412 http GET https://registry.npmjs.org/mongoose-pureautoinc
413 verbose url raw should
414 verbose url resolving [ 'https://registry.npmjs.org/', './should' ]
415 verbose url resolved https://registry.npmjs.org/should
416 info trying registry request attempt 1 at 20:46:16
417 http GET https://registry.npmjs.org/should
418 verbose url raw supertest
419 verbose url resolving [ 'https://registry.npmjs.org/', './supertest' ]
420 verbose url resolved https://registry.npmjs.org/supertest
421 info trying registry request attempt 1 at 20:46:16
422 http GET https://registry.npmjs.org/supertest
423 verbose url raw mocha
424 verbose url resolving [ 'https://registry.npmjs.org/', './mocha' ]
425 verbose url resolved https://registry.npmjs.org/mocha
426 info trying registry request attempt 1 at 20:46:16
427 verbose etag "1HE0IJRCNCU4SH2MQU2QP8O7E"
428 http GET https://registry.npmjs.org/mocha
429 verbose url raw underscore
430 verbose url resolving [ 'https://registry.npmjs.org/', './underscore' ]
431 verbose url resolved https://registry.npmjs.org/underscore
432 info trying registry request attempt 1 at 20:46:16
433 verbose etag "27LECG52TMHOVO9SGVT3ZMNHT"
434 http GET https://registry.npmjs.org/underscore
435 verbose url raw async
436 verbose url resolving [ 'https://registry.npmjs.org/', './async' ]
437 verbose url resolved https://registry.npmjs.org/async
438 info trying registry request attempt 1 at 20:46:16
439 verbose etag "6VT36D6J9446HV97TL1KWBHI1"
440 http GET https://registry.npmjs.org/async
441 info retry will retry, error on last attempt: Error: connect EHOSTUNREACH
442 info retry will retry, error on last attempt: Error: connect EHOSTUNREACH
443 info retry will retry, error on last attempt: Error: connect EHOSTUNREACH
444 info retry will retry, error on last attempt: Error: connect EHOSTUNREACH
445 info retry will retry, error on last attempt: Error: connect EHOSTUNREACH
446 info retry will retry, error on last attempt: Error: connect EHOSTUNREACH
447 info retry will retry, error on last attempt: Error: connect EHOSTUNREACH
448 info retry will retry, error on last attempt: Error: connect EHOSTUNREACH
449 info retry will retry, error on last attempt: Error: connect EHOSTUNREACH
450 info retry will retry, error on last attempt: Error: connect EHOSTUNREACH
451 info trying registry request attempt 2 at 20:46:29
452 http GET https://registry.npmjs.org/connect-mongo
453 info trying registry request attempt 2 at 20:46:29
454 http GET https://registry.npmjs.org/passport
455 info trying registry request attempt 2 at 20:46:29
456 http GET https://registry.npmjs.org/mongoose
457 info retry will retry, error on last attempt: Error: connect EHOSTUNREACH
458 info retry will retry, error on last attempt: Error: connect EHOSTUNREACH
459 info retry will retry, error on last attempt: Error: connect EHOSTUNREACH
460 info trying registry request attempt 2 at 20:46:32
461 http GET https://registry.npmjs.org/passport-twitter
462 info trying registry request attempt 2 at 20:46:32
463 http GET https://registry.npmjs.org/passport-facebook
464 info retry will retry, error on last attempt: Error: connect EHOSTUNREACH
465 info retry will retry, error on last attempt: Error: connect EHOSTUNREACH
466 info retry will retry, error on last attempt: Error: connect EHOSTUNREACH
467 info trying registry request attempt 2 at 20:46:35
468 http GET https://registry.npmjs.org/connect-flash
469 info trying registry request attempt 2 at 20:46:35
470 http GET https://registry.npmjs.org/express
471 info retry will retry, error on last attempt: Error: connect EHOSTUNREACH
472 info retry will retry, error on last attempt: Error: connect EHOSTUNREACH
473 info retry will retry, error on last attempt: Error: connect EHOSTUNREACH
474 info trying registry request attempt 2 at 20:46:38
475 http GET https://registry.npmjs.org/passport-google-oauth
476 info trying registry request attempt 2 at 20:46:38
477 http GET https://registry.npmjs.org/nodemon
478 info trying registry request attempt 2 at 20:46:38
479 http GET https://registry.npmjs.org/passport-github
480 info retry will retry, error on last attempt: Error: connect EHOSTUNREACH
481 info retry will retry, error on last attempt: Error: connect EHOSTUNREACH
482 info retry will retry, error on last attempt: Error: connect EHOSTUNREACH
483 info trying registry request attempt 2 at 20:46:41
484 http GET https://registry.npmjs.org/imager
485 info trying registry request attempt 2 at 20:46:41
486 http GET https://registry.npmjs.org/gzippo
487 info trying registry request attempt 2 at 20:46:41
488 http GET https://registry.npmjs.org/passport-local
489 info retry will retry, error on last attempt: Error: connect EHOSTUNREACH
490 info retry will retry, error on last attempt: Error: connect EHOSTUNREACH
491 info retry will retry, error on last attempt: Error: connect EHOSTUNREACH
492 info trying registry request attempt 2 at 20:46:44
493 http GET https://registry.npmjs.org/notifier
494 info trying registry request attempt 2 at 20:46:44
495 http GET https://registry.npmjs.org/jade
496 info trying registry request attempt 2 at 20:46:44
497 http GET https://registry.npmjs.org/view-helpers
498 info retry will retry, error on last attempt: Error: connect EHOSTUNREACH
499 info retry will retry, error on last attempt: Error: connect EHOSTUNREACH
500 info retry will retry, error on last attempt: Error: connect EHOSTUNREACH
501 info trying registry request attempt 2 at 20:46:47
502 http GET https://registry.npmjs.org/jasmine-node
503 info trying registry request attempt 2 at 20:46:47
504 http GET https://registry.npmjs.org/forever
505 info trying registry request attempt 2 at 20:46:47
506 http GET https://registry.npmjs.org/should
507 info retry will retry, error on last attempt: Error: connect EHOSTUNREACH
508 info retry will retry, error on last attempt: Error: connect EHOSTUNREACH
509 info retry will retry, error on last attempt: Error: connect EHOSTUNREACH
510 info trying registry request attempt 2 at 20:46:50
511 verbose etag "27LECG52TMHOVO9SGVT3ZMNHT"
512 http GET https://registry.npmjs.org/underscore
513 info trying registry request attempt 2 at 20:46:50
514 http GET https://registry.npmjs.org/sinon
515 info trying registry request attempt 2 at 20:46:50
516 http GET https://registry.npmjs.org/mongoose-pureautoinc
517 info retry will retry, error on last attempt: Error: connect EHOSTUNREACH
518 info retry will retry, error on last attempt: Error: connect EHOSTUNREACH
519 info retry will retry, error on last attempt: Error: connect EHOSTUNREACH
520 info trying registry request attempt 2 at 20:46:53
521 verbose etag "6VT36D6J9446HV97TL1KWBHI1"
522 http GET https://registry.npmjs.org/async
523 info retry will retry, error on last attempt: Error: connect EHOSTUNREACH
524 info retry will retry, error on last attempt: Error: connect EHOSTUNREACH
525 info retry will retry, error on last attempt: Error: connect EHOSTUNREACH
526 info trying registry request attempt 2 at 20:46:56
527 verbose etag "1HE0IJRCNCU4SH2MQU2QP8O7E"
528 http GET https://registry.npmjs.org/mocha
529 info retry will retry, error on last attempt: Error: connect EHOSTUNREACH
530 info retry will retry, error on last attempt: Error: connect EHOSTUNREACH
531 info retry will retry, error on last attempt: Error: connect EHOSTUNREACH
532 info retry will retry, error on last attempt: Error: connect EHOSTUNREACH
533 info retry will retry, error on last attempt: Error: connect EHOSTUNREACH
534 info retry will retry, error on last attempt: Error: connect EHOSTUNREACH
535 info retry will retry, error on last attempt: Error: connect EHOSTUNREACH
536 info retry will retry, error on last attempt: Error: connect EHOSTUNREACH
537 info retry will retry, error on last attempt: Error: connect EHOSTUNREACH
538 info retry will retry, error on last attempt: Error: connect EHOSTUNREACH
539 info retry will retry, error on last attempt: Error: connect EHOSTUNREACH
540 info retry will retry, error on last attempt: Error: connect EHOSTUNREACH
541 info trying registry request attempt 2 at 20:47:21
542 http GET https://registry.npmjs.org/supertest
543 info retry will retry, error on last attempt: Error: connect EHOSTUNREACH
544 info trying registry request attempt 3 at 20:47:43
545 http GET https://registry.npmjs.org/connect-mongo
546 info trying registry request attempt 3 at 20:47:43
547 http GET https://registry.npmjs.org/passport
548 info trying registry request attempt 3 at 20:47:46
549 http GET https://registry.npmjs.org/mongoose
550 info trying registry request attempt 3 at 20:47:46
551 http GET https://registry.npmjs.org/passport-twitter
552 silly lockFile 771f2547-passport-latest passport@latest
553 silly lockFile 771f2547-passport-latest passport@latest
554 silly lockFile 73e949f4-mongoose-latest mongoose@latest
555 silly lockFile 73e949f4-mongoose-latest mongoose@latest
556 silly lockFile 02f15c80-connect-mongo-latest connect-mongo@latest
557 silly lockFile 02f15c80-connect-mongo-latest connect-mongo@latest
558 error Error: connect EHOSTUNREACH
558 error     at errnoException (net.js:901:11)
558 error     at Object.afterConnect [as oncomplete] (net.js:892:19)
559 error If you need help, you may report this log at:
559 error     <http://github.com/isaacs/npm/issues>
559 error or email it to:
559 error     <npm-@googlegroups.com>
560 error System Linux 2.6.32-358.14.1.el6.x86_64
561 error command "node" "/usr/bin/npm" "install"
562 error cwd /var/www/html
563 error node -v v0.10.12
564 error npm -v 1.2.17
565 error syscall connect
566 error code EHOSTUNREACH
567 error errno EHOSTUNREACH
568 verbose exit [ 1, true ]
